# JRE version: OpenJDK Runtime Environment (7.0_79-b14) (build 1.7.0_79-b14)
# Java VM: OpenJDK 64-Bit Server VM (24.79-b02 mixed mode linux-amd64 compressed oops)
Heap
 PSYoungGen      total 133632K, used 12279K [0x00000000ec100000, 0x00000000f5100000, 0x0000000100000000)
  eden space 121344K, 0% used [0x00000000ec100000,0x00000000ec100000,0x00000000f3780000)
  from space 12288K, 99% used [0x00000000f3780000,0x00000000f437dc40,0x00000000f4380000)
  to   space 10752K, 0% used [0x00000000f4380000,0x00000000f4380000,0x00000000f4e00000)
 ParOldGen       total 40448K, used 26433K [0x00000000c4400000, 0x00000000c6b80000, 0x00000000ec100000)
  object space 40448K, 65% used [0x00000000c4400000,0x00000000c5dd04b8,0x00000000c6b80000)
 PSPermGen       total 34816K, used 34432K [0x00000000b9e00000, 0x00000000bc000000, 0x00000000c4400000)
  object space 34816K, 98% used [0x00000000b9e00000,0x00000000bbfa01a0,0x00000000bc000000)
GC Heap History (10 events):
Event: 0.981 GC heap after
Heap after GC invocations=2 (full 0):
 PSYoungGen      total 33280K, used 2549K [0x00000000ec100000, 0x00000000ee400000, 0x0000000100000000)
  eden space 30720K, 0% used [0x00000000ec100000,0x00000000ec100000,0x00000000edf00000)
  from space 2560K, 99% used [0x00000000ee180000,0x00000000ee3fd5d8,0x00000000ee400000)
  to   space 2560K, 0% used [0x00000000edf00000,0x00000000edf00000,0x00000000ee180000)
 ParOldGen       total 40448K, used 1682K [0x00000000c4400000, 0x00000000c6b80000, 0x00000000ec100000)
  object space 40448K, 4% used [0x00000000c4400000,0x00000000c45a4bb8,0x00000000c6b80000)
 PSPermGen       total 21504K, used 9468K [0x00000000b9e00000, 0x00000000bb300000, 0x00000000c4400000)
  object space 21504K, 44% used [0x00000000b9e00000,0x00000000ba73f1d0,0x00000000bb300000)
}
Event: 1.545 GC heap before
{Heap before GC invocations=3 (full 0):
 PSYoungGen      total 33280K, used 33269K [0x00000000ec100000, 0x00000000ee400000, 0x0000000100000000)
  eden space 30720K, 100% used [0x00000000ec100000,0x00000000edf00000,0x00000000edf00000)
  from space 2560K, 99% used [0x00000000ee180000,0x00000000ee3fd5d8,0x00000000ee400000)
  to   space 2560K, 0% used [0x00000000edf00000,0x00000000edf00000,0x00000000ee180000)
 ParOldGen       total 40448K, used 1682K [0x00000000c4400000, 0x00000000c6b80000, 0x00000000ec100000)
  object space 40448K, 4% used [0x00000000c4400000,0x00000000c45a4bb8,0x00000000c6b80000)
 PSPermGen       total 21504K, used 11877K [0x00000000b9e00000, 0x00000000bb300000, 0x00000000c4400000)
  object space 21504K, 55% used [0x00000000b9e00000,0x00000000ba9994f0,0x00000000bb300000)
Event: 1.556 GC heap after
Heap after GC invocations=3 (full 0):
 PSYoungGen      total 33280K, used 2559K [0x00000000ec100000, 0x00000000f0200000, 0x0000000100000000)
  eden space 30720K, 0% used [0x00000000ec100000,0x00000000ec100000,0x00000000edf00000)
  from space 2560K, 99% used [0x00000000edf00000,0x00000000ee17fc50,0x00000000ee180000)
  to   space 2560K, 0% used [0x00000000eff80000,0x00000000eff80000,0x00000000f0200000)
 ParOldGen       total 40448K, used 4541K [0x00000000c4400000, 0x00000000c6b80000, 0x00000000ec100000)
  object space 40448K, 11% used [0x00000000c4400000,0x00000000c486f558,0x00000000c6b80000)
 PSPermGen       total 21504K, used 11877K [0x00000000b9e00000, 0x00000000bb300000, 0x00000000c4400000)
  object space 21504K, 55% used [0x00000000b9e00000,0x00000000ba9994f0,0x00000000bb300000)
}
Event: 2.074 GC heap before
{Heap before GC invocations=4 (full 0):
 PSYoungGen      total 33280K, used 33279K [0x00000000ec100000, 0x00000000f0200000, 0x0000000100000000)
  eden space 30720K, 100% used [0x00000000ec100000,0x00000000edf00000,0x00000000edf00000)
  from space 2560K, 99% used [0x00000000edf00000,0x00000000ee17fc50,0x00000000ee180000)
  to   space 2560K, 0% used [0x00000000eff80000,0x00000000eff80000,0x00000000f0200000)
 ParOldGen       total 40448K, used 4541K [0x00000000c4400000, 0x00000000c6b80000, 0x00000000ec100000)
  object space 40448K, 11% used [0x00000000c4400000,0x00000000c486f558,0x00000000c6b80000)
 PSPermGen       total 21504K, used 17320K [0x00000000b9e00000, 0x00000000bb300000, 0x00000000c4400000)
  object space 21504K, 80% used [0x00000000b9e00000,0x00000000baeea100,0x00000000bb300000)
Event: 2.088 GC heap after
Heap after GC invocations=4 (full 0):
 PSYoungGen      total 64000K, used 2544K [0x00000000ec100000, 0x00000000f0200000, 0x0000000100000000)
  eden space 61440K, 0% used [0x00000000ec100000,0x00000000ec100000,0x00000000efd00000)
  from space 2560K, 99% used [0x00000000eff80000,0x00000000f01fc030,0x00000000f0200000)
  to   space 2560K, 0% used [0x00000000efd00000,0x00000000efd00000,0x00000000eff80000)
 ParOldGen       total 40448K, used 9132K [0x00000000c4400000, 0x00000000c6b80000, 0x00000000ec100000)
  object space 40448K, 22% used [0x00000000c4400000,0x00000000c4ceb3f8,0x00000000c6b80000)
 PSPermGen       total 21504K, used 17320K [0x00000000b9e00000, 0x00000000bb300000, 0x00000000c4400000)
  object space 21504K, 80% used [0x00000000b9e00000,0x00000000baeea100,0x00000000bb300000)
}
Event: 3.231 GC heap before
{Heap before GC invocations=5 (full 0):
 PSYoungGen      total 64000K, used 63984K [0x00000000ec100000, 0x00000000f0200000, 0x0000000100000000)
  eden space 61440K, 100% used [0x00000000ec100000,0x00000000efd00000,0x00000000efd00000)
  from space 2560K, 99% used [0x00000000eff80000,0x00000000f01fc030,0x00000000f0200000)
  to   space 2560K, 0% used [0x00000000efd00000,0x00000000efd00000,0x00000000eff80000)
 ParOldGen       total 40448K, used 9132K [0x00000000c4400000, 0x00000000c6b80000, 0x00000000ec100000)
  object space 40448K, 22% used [0x00000000c4400000,0x00000000c4ceb3f8,0x00000000c6b80000)
 PSPermGen       total 22016K, used 21943K [0x00000000b9e00000, 0x00000000bb380000, 0x00000000c4400000)
  object space 22016K, 99% used [0x00000000b9e00000,0x00000000bb36dd78,0x00000000bb380000)
Event: 3.251 GC heap after
Heap after GC invocations=5 (full 0):
 PSYoungGen      total 64000K, used 2528K [0x00000000ec100000, 0x00000000f4e00000, 0x0000000100000000)
  eden space 61440K, 0% used [0x00000000ec100000,0x00000000ec100000,0x00000000efd00000)
  from space 2560K, 98% used [0x00000000efd00000,0x00000000eff78020,0x00000000eff80000)
  to   space 10752K, 0% used [0x00000000f4380000,0x00000000f4380000,0x00000000f4e00000)
 ParOldGen       total 40448K, used 16550K [0x00000000c4400000, 0x00000000c6b80000, 0x00000000ec100000)
  object space 40448K, 40% used [0x00000000c4400000,0x00000000c5429958,0x00000000c6b80000)
 PSPermGen       total 22016K, used 21943K [0x00000000b9e00000, 0x00000000bb380000, 0x00000000c4400000)
  object space 22016K, 99% used [0x00000000b9e00000,0x00000000bb36dd78,0x00000000bb380000)
}
Event: 4.318 GC heap before
{Heap before GC invocations=6 (full 0):
 PSYoungGen      total 64000K, used 63968K [0x00000000ec100000, 0x00000000f4e00000, 0x0000000100000000)
  eden space 61440K, 100% used [0x00000000ec100000,0x00000000efd00000,0x00000000efd00000)
  from space 2560K, 98% used [0x00000000efd00000,0x00000000eff78020,0x00000000eff80000)
  to   space 10752K, 0% used [0x00000000f4380000,0x00000000f4380000,0x00000000f4e00000)
 ParOldGen       total 40448K, used 16550K [0x00000000c4400000, 0x00000000c6b80000, 0x00000000ec100000)
  object space 40448K, 40% used [0x00000000c4400000,0x00000000c5429958,0x00000000c6b80000)
 PSPermGen       total 28160K, used 27925K [0x00000000b9e00000, 0x00000000bb980000, 0x00000000c4400000)
  object space 28160K, 99% used [0x00000000b9e00000,0x00000000bb945588,0x00000000bb980000)
Event: 4.338 GC heap after
Heap after GC invocations=6 (full 0):
 PSYoungGen      total 132096K, used 9317K [0x00000000ec100000, 0x00000000f5100000, 0x0000000100000000)
  eden space 121344K, 0% used [0x00000000ec100000,0x00000000ec100000,0x00000000f3780000)
  from space 10752K, 86% used [0x00000000f4380000,0x00000000f4c99410,0x00000000f4e00000)
  to   space 12288K, 0% used [0x00000000f3780000,0x00000000f3780000,0x00000000f4380000)
 ParOldGen       total 40448K, used 16622K [0x00000000c4400000, 0x00000000c6b80000, 0x00000000ec100000)
  object space 40448K, 41% used [0x00000000c4400000,0x00000000c543b968,0x00000000c6b80000)
 PSPermGen       total 28160K, used 27925K [0x00000000b9e00000, 0x00000000bb980000, 0x00000000c4400000)
  object space 28160K, 99% used [0x00000000b9e00000,0x00000000bb945588,0x00000000bb980000)
}
Event: 7.331 GC heap before
{Heap before GC invocations=7 (full 0):
 PSYoungGen      total 132096K, used 130661K [0x00000000ec100000, 0x00000000f5100000, 0x0000000100000000)
  eden space 121344K, 100% used [0x00000000ec100000,0x00000000f3780000,0x00000000f3780000)
  from space 10752K, 86% used [0x00000000f4380000,0x00000000f4c99410,0x00000000f4e00000)
  to   space 12288K, 0% used [0x00000000f3780000,0x00000000f3780000,0x00000000f4380000)
 ParOldGen       total 40448K, used 16622K [0x00000000c4400000, 0x00000000c6b80000, 0x00000000ec100000)
  object space 40448K, 41% used [0x00000000c4400000,0x00000000c543b968,0x00000000c6b80000)
 PSPermGen       total 34816K, used 34432K [0x00000000b9e00000, 0x00000000bc000000, 0x00000000c4400000)
  object space 34816K, 98% used [0x00000000b9e00000,0x00000000bbfa01a0,0x00000000bc000000)

